<?xml version="1.0" encoding="UTF-8"?>
<!-- Generated by org.testng.reporters.JUnitReportReporter -->
<testsuite hostname="LAVA-DESKTOP" failures="0" tests="1" name="testCases.TC_001_NewAccountTest" time="8.302" errors="0" timestamp="2024-05-05T13:56:34 IST" skipped="0">
  <testcase classname="testCases.TC_001_NewAccountTest" name="Verify_NewAccount" time="8.302"/>
</testsuite> <!-- testCases.TC_001_NewAccountTest -->
